2013.06.08 15:36 A E:\linux_remote_dir\saj\webman\app_rsc\appAdmin\db\dbtl_2013_06_05\webman_appAdmin_all_tables.sql --> gmm.fsksm.utm.my /sda3/wmf11/webman/app_rsc/appAdmin/db/dbtl_2013_06_05 webman_appAdmin_all_tables.sql
2013.06.08 15:36 A E:\linux_remote_dir\saj\webman\app_rsc\appAdmin\db\dbtl_2013_06_05\webman_appAdmin_blob_content.sql --> gmm.fsksm.utm.my /sda3/wmf11/webman/app_rsc/appAdmin/db/dbtl_2013_06_05 webman_appAdmin_blob_content.sql
2013.06.08 15:36 A E:\linux_remote_dir\saj\webman\app_rsc\appAdmin\db\dbtl_2013_06_05\webman_appAdmin_blob_content_temp.sql --> gmm.fsksm.utm.my /sda3/wmf11/webman/app_rsc/appAdmin/db/dbtl_2013_06_05 webman_appAdmin_blob_content_temp.sql
2013.06.08 15:37 A E:\linux_remote_dir\saj\webman\app_rsc\appAdmin\db\dbtl_2013_06_05\webman_appAdmin_blob_info.sql --> gmm.fsksm.utm.my /sda3/wmf11/webman/app_rsc/appAdmin/db/dbtl_2013_06_05 webman_appAdmin_blob_info.sql
2013.06.08 15:37 A E:\linux_remote_dir\saj\webman\app_rsc\appAdmin\db\dbtl_2013_06_05\webman_appAdmin_blob_parent_info.sql --> gmm.fsksm.utm.my /sda3/wmf11/webman/app_rsc/appAdmin/db/dbtl_2013_06_05 webman_appAdmin_blob_parent_info.sql
2013.06.08 15:37 A E:\linux_remote_dir\saj\webman\app_rsc\appAdmin\db\dbtl_2013_06_05\webman_appAdmin_calendar.sql --> gmm.fsksm.utm.my /sda3/wmf11/webman/app_rsc/appAdmin/db/dbtl_2013_06_05 webman_appAdmin_calendar.sql
2013.06.08 15:37 A E:\linux_remote_dir\saj\webman\app_rsc\appAdmin\db\dbtl_2013_06_05\webman_appAdmin_cgi_var_cache.sql --> gmm.fsksm.utm.my /sda3/wmf11/webman/app_rsc/appAdmin/db/dbtl_2013_06_05 webman_appAdmin_cgi_var_cache.sql
2013.06.08 15:37 A E:\linux_remote_dir\saj\webman\app_rsc\appAdmin\db\dbtl_2013_06_05\webman_appAdmin_comp_auth.sql --> gmm.fsksm.utm.my /sda3/wmf11/webman/app_rsc/appAdmin/db/dbtl_2013_06_05 webman_appAdmin_comp_auth.sql
2013.06.08 15:37 A E:\linux_remote_dir\saj\webman\app_rsc\appAdmin\db\dbtl_2013_06_05\webman_appAdmin_db_item_auth.sql --> gmm.fsksm.utm.my /sda3/wmf11/webman/app_rsc/appAdmin/db/dbtl_2013_06_05 webman_appAdmin_db_item_auth.sql
2013.06.08 15:37 A E:\linux_remote_dir\saj\webman\app_rsc\appAdmin\db\dbtl_2013_06_05\webman_appAdmin_dictionary_dyna_mod.sql --> gmm.fsksm.utm.my /sda3/wmf11/webman/app_rsc/appAdmin/db/dbtl_2013_06_05 webman_appAdmin_dictionary_dyna_mod.sql
2013.06.08 15:37 A E:\linux_remote_dir\saj\webman\app_rsc\appAdmin\db\dbtl_2013_06_05\webman_appAdmin_dictionary_language.sql --> gmm.fsksm.utm.my /sda3/wmf11/webman/app_rsc/appAdmin/db/dbtl_2013_06_05 webman_appAdmin_dictionary_language.sql
2013.06.08 15:37 A E:\linux_remote_dir\saj\webman\app_rsc\appAdmin\db\dbtl_2013_06_05\webman_appAdmin_dictionary_link.sql --> gmm.fsksm.utm.my /sda3/wmf11/webman/app_rsc/appAdmin/db/dbtl_2013_06_05 webman_appAdmin_dictionary_link.sql
2013.06.08 15:37 A E:\linux_remote_dir\saj\webman\app_rsc\appAdmin\db\dbtl_2013_06_05\webman_appAdmin_dyna_mod.sql --> gmm.fsksm.utm.my /sda3/wmf11/webman/app_rsc/appAdmin/db/dbtl_2013_06_05 webman_appAdmin_dyna_mod.sql
2013.06.08 15:37 A E:\linux_remote_dir\saj\webman\app_rsc\appAdmin\db\dbtl_2013_06_05\webman_appAdmin_dyna_mod_param.sql --> gmm.fsksm.utm.my /sda3/wmf11/webman/app_rsc/appAdmin/db/dbtl_2013_06_05 webman_appAdmin_dyna_mod_param.sql
2013.06.08 15:37 A E:\linux_remote_dir\saj\webman\app_rsc\appAdmin\db\dbtl_2013_06_05\webman_appAdmin_dyna_mod_param_global.sql --> gmm.fsksm.utm.my /sda3/wmf11/webman/app_rsc/appAdmin/db/dbtl_2013_06_05 webman_appAdmin_dyna_mod_param_global.sql
2013.06.08 15:37 A E:\linux_remote_dir\saj\webman\app_rsc\appAdmin\db\dbtl_2013_06_05\webman_appAdmin_dyna_mod_selector.sql --> gmm.fsksm.utm.my /sda3/wmf11/webman/app_rsc/appAdmin/db/dbtl_2013_06_05 webman_appAdmin_dyna_mod_selector.sql
2013.06.08 15:37 A E:\linux_remote_dir\saj\webman\app_rsc\appAdmin\db\dbtl_2013_06_05\webman_appAdmin_group.sql --> gmm.fsksm.utm.my /sda3/wmf11/webman/app_rsc/appAdmin/db/dbtl_2013_06_05 webman_appAdmin_group.sql
2013.06.08 15:37 A E:\linux_remote_dir\saj\webman\app_rsc\appAdmin\db\dbtl_2013_06_05\webman_appAdmin_hit_info.sql --> gmm.fsksm.utm.my /sda3/wmf11/webman/app_rsc/appAdmin/db/dbtl_2013_06_05 webman_appAdmin_hit_info.sql
2013.06.08 15:37 A E:\linux_remote_dir\saj\webman\app_rsc\appAdmin\db\dbtl_2013_06_05\webman_appAdmin_hit_info_content.sql --> gmm.fsksm.utm.my /sda3/wmf11/webman/app_rsc/appAdmin/db/dbtl_2013_06_05 webman_appAdmin_hit_info_content.sql
2013.06.08 15:37 A E:\linux_remote_dir\saj\webman\app_rsc\appAdmin\db\dbtl_2013_06_05\webman_appAdmin_hit_info_query_string.sql --> gmm.fsksm.utm.my /sda3/wmf11/webman/app_rsc/appAdmin/db/dbtl_2013_06_05 webman_appAdmin_hit_info_query_string.sql
2013.06.08 15:37 A E:\linux_remote_dir\saj\webman\app_rsc\appAdmin\db\dbtl_2013_06_05\webman_appAdmin_link_auth.sql --> gmm.fsksm.utm.my /sda3/wmf11/webman/app_rsc/appAdmin/db/dbtl_2013_06_05 webman_appAdmin_link_auth.sql
2013.06.08 15:37 A E:\linux_remote_dir\saj\webman\app_rsc\appAdmin\db\dbtl_2013_06_05\webman_appAdmin_link_reference.sql --> gmm.fsksm.utm.my /sda3/wmf11/webman/app_rsc/appAdmin/db/dbtl_2013_06_05 webman_appAdmin_link_reference.sql
2013.06.08 15:37 A E:\linux_remote_dir\saj\webman\app_rsc\appAdmin\db\dbtl_2013_06_05\webman_appAdmin_link_structure.sql --> gmm.fsksm.utm.my /sda3/wmf11/webman/app_rsc/appAdmin/db/dbtl_2013_06_05 webman_appAdmin_link_structure.sql
2013.06.08 15:37 A E:\linux_remote_dir\saj\webman\app_rsc\appAdmin\db\dbtl_2013_06_05\webman_appAdmin_session.sql --> gmm.fsksm.utm.my /sda3/wmf11/webman/app_rsc/appAdmin/db/dbtl_2013_06_05 webman_appAdmin_session.sql
2013.06.08 15:37 A E:\linux_remote_dir\saj\webman\app_rsc\appAdmin\db\dbtl_2013_06_05\webman_appAdmin_session_info_daily.sql --> gmm.fsksm.utm.my /sda3/wmf11/webman/app_rsc/appAdmin/db/dbtl_2013_06_05 webman_appAdmin_session_info_daily.sql
2013.06.08 15:37 A E:\linux_remote_dir\saj\webman\app_rsc\appAdmin\db\dbtl_2013_06_05\webman_appAdmin_session_info_monthly.sql --> gmm.fsksm.utm.my /sda3/wmf11/webman/app_rsc/appAdmin/db/dbtl_2013_06_05 webman_appAdmin_session_info_monthly.sql
2013.06.08 15:37 A E:\linux_remote_dir\saj\webman\app_rsc\appAdmin\db\dbtl_2013_06_05\webman_appAdmin_static_content_dyna_mod_ref.sql --> gmm.fsksm.utm.my /sda3/wmf11/webman/app_rsc/appAdmin/db/dbtl_2013_06_05 webman_appAdmin_static_content_dyna_mod_ref.sql
2013.06.08 15:37 A E:\linux_remote_dir\saj\webman\app_rsc\appAdmin\db\dbtl_2013_06_05\webman_appAdmin_user.sql --> gmm.fsksm.utm.my /sda3/wmf11/webman/app_rsc/appAdmin/db/dbtl_2013_06_05 webman_appAdmin_user.sql
2013.06.08 15:37 A E:\linux_remote_dir\saj\webman\app_rsc\appAdmin\db\dbtl_2013_06_05\webman_appAdmin_user_group.sql --> gmm.fsksm.utm.my /sda3/wmf11/webman/app_rsc/appAdmin/db/dbtl_2013_06_05 webman_appAdmin_user_group.sql
2013.06.08 15:48 A E:\linux_remote_dir\saj\webman\app_rsc\appAdmin\db\dbtl_2013_06_05\webman_appAdmin_all_tables.sql --> gmm.fsksm.utm.my /sda3/wmf11/webman/app_rsc/appAdmin/db/dbtl_2013_06_05 webman_appAdmin_all_tables.sql
2013.06.08 15:48 A E:\linux_remote_dir\saj\webman\app_rsc\appAdmin\db\dbtl_2013_06_05\webman_appAdmin_blob_content.sql --> gmm.fsksm.utm.my /sda3/wmf11/webman/app_rsc/appAdmin/db/dbtl_2013_06_05 webman_appAdmin_blob_content.sql
2013.06.08 15:48 A E:\linux_remote_dir\saj\webman\app_rsc\appAdmin\db\dbtl_2013_06_05\webman_appAdmin_blob_content_temp.sql --> gmm.fsksm.utm.my /sda3/wmf11/webman/app_rsc/appAdmin/db/dbtl_2013_06_05 webman_appAdmin_blob_content_temp.sql
2013.06.08 15:48 A E:\linux_remote_dir\saj\webman\app_rsc\appAdmin\db\dbtl_2013_06_05\webman_appAdmin_blob_info.sql --> gmm.fsksm.utm.my /sda3/wmf11/webman/app_rsc/appAdmin/db/dbtl_2013_06_05 webman_appAdmin_blob_info.sql
2013.06.08 15:48 A E:\linux_remote_dir\saj\webman\app_rsc\appAdmin\db\dbtl_2013_06_05\webman_appAdmin_blob_parent_info.sql --> gmm.fsksm.utm.my /sda3/wmf11/webman/app_rsc/appAdmin/db/dbtl_2013_06_05 webman_appAdmin_blob_parent_info.sql
2013.06.08 15:48 A E:\linux_remote_dir\saj\webman\app_rsc\appAdmin\db\dbtl_2013_06_05\webman_appAdmin_calendar.sql --> gmm.fsksm.utm.my /sda3/wmf11/webman/app_rsc/appAdmin/db/dbtl_2013_06_05 webman_appAdmin_calendar.sql
2013.06.08 15:48 A E:\linux_remote_dir\saj\webman\app_rsc\appAdmin\db\dbtl_2013_06_05\webman_appAdmin_cgi_var_cache.sql --> gmm.fsksm.utm.my /sda3/wmf11/webman/app_rsc/appAdmin/db/dbtl_2013_06_05 webman_appAdmin_cgi_var_cache.sql
2013.06.08 15:48 A E:\linux_remote_dir\saj\webman\app_rsc\appAdmin\db\dbtl_2013_06_05\webman_appAdmin_comp_auth.sql --> gmm.fsksm.utm.my /sda3/wmf11/webman/app_rsc/appAdmin/db/dbtl_2013_06_05 webman_appAdmin_comp_auth.sql
2013.06.08 15:48 A E:\linux_remote_dir\saj\webman\app_rsc\appAdmin\db\dbtl_2013_06_05\webman_appAdmin_db_item_auth.sql --> gmm.fsksm.utm.my /sda3/wmf11/webman/app_rsc/appAdmin/db/dbtl_2013_06_05 webman_appAdmin_db_item_auth.sql
2013.06.08 15:48 A E:\linux_remote_dir\saj\webman\app_rsc\appAdmin\db\dbtl_2013_06_05\webman_appAdmin_dictionary_dyna_mod.sql --> gmm.fsksm.utm.my /sda3/wmf11/webman/app_rsc/appAdmin/db/dbtl_2013_06_05 webman_appAdmin_dictionary_dyna_mod.sql
2013.06.08 15:48 A E:\linux_remote_dir\saj\webman\app_rsc\appAdmin\db\dbtl_2013_06_05\webman_appAdmin_dictionary_language.sql --> gmm.fsksm.utm.my /sda3/wmf11/webman/app_rsc/appAdmin/db/dbtl_2013_06_05 webman_appAdmin_dictionary_language.sql
2013.06.08 15:48 A E:\linux_remote_dir\saj\webman\app_rsc\appAdmin\db\dbtl_2013_06_05\webman_appAdmin_dictionary_link.sql --> gmm.fsksm.utm.my /sda3/wmf11/webman/app_rsc/appAdmin/db/dbtl_2013_06_05 webman_appAdmin_dictionary_link.sql
2013.06.08 15:48 A E:\linux_remote_dir\saj\webman\app_rsc\appAdmin\db\dbtl_2013_06_05\webman_appAdmin_dyna_mod.sql --> gmm.fsksm.utm.my /sda3/wmf11/webman/app_rsc/appAdmin/db/dbtl_2013_06_05 webman_appAdmin_dyna_mod.sql
2013.06.08 15:48 A E:\linux_remote_dir\saj\webman\app_rsc\appAdmin\db\dbtl_2013_06_05\webman_appAdmin_dyna_mod_param.sql --> gmm.fsksm.utm.my /sda3/wmf11/webman/app_rsc/appAdmin/db/dbtl_2013_06_05 webman_appAdmin_dyna_mod_param.sql
2013.06.08 15:48 A E:\linux_remote_dir\saj\webman\app_rsc\appAdmin\db\dbtl_2013_06_05\webman_appAdmin_dyna_mod_param_global.sql --> gmm.fsksm.utm.my /sda3/wmf11/webman/app_rsc/appAdmin/db/dbtl_2013_06_05 webman_appAdmin_dyna_mod_param_global.sql
2013.06.08 15:48 A E:\linux_remote_dir\saj\webman\app_rsc\appAdmin\db\dbtl_2013_06_05\webman_appAdmin_dyna_mod_selector.sql --> gmm.fsksm.utm.my /sda3/wmf11/webman/app_rsc/appAdmin/db/dbtl_2013_06_05 webman_appAdmin_dyna_mod_selector.sql
2013.06.08 15:48 A E:\linux_remote_dir\saj\webman\app_rsc\appAdmin\db\dbtl_2013_06_05\webman_appAdmin_group.sql --> gmm.fsksm.utm.my /sda3/wmf11/webman/app_rsc/appAdmin/db/dbtl_2013_06_05 webman_appAdmin_group.sql
2013.06.08 15:48 A E:\linux_remote_dir\saj\webman\app_rsc\appAdmin\db\dbtl_2013_06_05\webman_appAdmin_hit_info.sql --> gmm.fsksm.utm.my /sda3/wmf11/webman/app_rsc/appAdmin/db/dbtl_2013_06_05 webman_appAdmin_hit_info.sql
2013.06.08 15:48 A E:\linux_remote_dir\saj\webman\app_rsc\appAdmin\db\dbtl_2013_06_05\webman_appAdmin_hit_info_content.sql --> gmm.fsksm.utm.my /sda3/wmf11/webman/app_rsc/appAdmin/db/dbtl_2013_06_05 webman_appAdmin_hit_info_content.sql
2013.06.08 15:48 A E:\linux_remote_dir\saj\webman\app_rsc\appAdmin\db\dbtl_2013_06_05\webman_appAdmin_hit_info_query_string.sql --> gmm.fsksm.utm.my /sda3/wmf11/webman/app_rsc/appAdmin/db/dbtl_2013_06_05 webman_appAdmin_hit_info_query_string.sql
2013.06.08 15:48 A E:\linux_remote_dir\saj\webman\app_rsc\appAdmin\db\dbtl_2013_06_05\webman_appAdmin_link_auth.sql --> gmm.fsksm.utm.my /sda3/wmf11/webman/app_rsc/appAdmin/db/dbtl_2013_06_05 webman_appAdmin_link_auth.sql
2013.06.08 15:48 A E:\linux_remote_dir\saj\webman\app_rsc\appAdmin\db\dbtl_2013_06_05\webman_appAdmin_link_reference.sql --> gmm.fsksm.utm.my /sda3/wmf11/webman/app_rsc/appAdmin/db/dbtl_2013_06_05 webman_appAdmin_link_reference.sql
2013.06.08 15:48 A E:\linux_remote_dir\saj\webman\app_rsc\appAdmin\db\dbtl_2013_06_05\webman_appAdmin_link_structure.sql --> gmm.fsksm.utm.my /sda3/wmf11/webman/app_rsc/appAdmin/db/dbtl_2013_06_05 webman_appAdmin_link_structure.sql
2013.06.08 15:48 A E:\linux_remote_dir\saj\webman\app_rsc\appAdmin\db\dbtl_2013_06_05\webman_appAdmin_session.sql --> gmm.fsksm.utm.my /sda3/wmf11/webman/app_rsc/appAdmin/db/dbtl_2013_06_05 webman_appAdmin_session.sql
2013.06.08 15:48 A E:\linux_remote_dir\saj\webman\app_rsc\appAdmin\db\dbtl_2013_06_05\webman_appAdmin_session_info_daily.sql --> gmm.fsksm.utm.my /sda3/wmf11/webman/app_rsc/appAdmin/db/dbtl_2013_06_05 webman_appAdmin_session_info_daily.sql
2013.06.08 15:48 A E:\linux_remote_dir\saj\webman\app_rsc\appAdmin\db\dbtl_2013_06_05\webman_appAdmin_session_info_monthly.sql --> gmm.fsksm.utm.my /sda3/wmf11/webman/app_rsc/appAdmin/db/dbtl_2013_06_05 webman_appAdmin_session_info_monthly.sql
2013.06.08 15:48 A E:\linux_remote_dir\saj\webman\app_rsc\appAdmin\db\dbtl_2013_06_05\webman_appAdmin_static_content_dyna_mod_ref.sql --> gmm.fsksm.utm.my /sda3/wmf11/webman/app_rsc/appAdmin/db/dbtl_2013_06_05 webman_appAdmin_static_content_dyna_mod_ref.sql
2013.06.08 15:48 A E:\linux_remote_dir\saj\webman\app_rsc\appAdmin\db\dbtl_2013_06_05\webman_appAdmin_user.sql --> gmm.fsksm.utm.my /sda3/wmf11/webman/app_rsc/appAdmin/db/dbtl_2013_06_05 webman_appAdmin_user.sql
2013.06.08 15:48 A E:\linux_remote_dir\saj\webman\app_rsc\appAdmin\db\dbtl_2013_06_05\webman_appAdmin_user_group.sql --> gmm.fsksm.utm.my /sda3/wmf11/webman/app_rsc/appAdmin/db/dbtl_2013_06_05 webman_appAdmin_user_group.sql
